# JRE version: OpenJDK Runtime Environment Homebrew (19.0.2) (build 19.0.2)
# Java VM: OpenJDK 64-Bit Server VM Homebrew (19.0.2, mixed mode, emulated-client, sharing, tiered, compressed oops, compressed class ptrs, g1 gc, bsd-amd64)
GC Precious Log:
 CardTable entry size: 512
 Card Set container configuration: InlinePtr #cards 4 size 8 Array Of Cards #cards 16 size 48 Howl #buckets 8 coarsen threshold 3686 Howl Bitmap #cards 512 size 80 coarsen threshold 460 Card regions per heap region 1 cards per card region 4096
 CPUs: 16 total, 16 available
 Memory: 16384M
 Large Page Support: Disabled
 NUMA Support: Disabled
 Compressed Oops: Enabled (Zero based)
 Heap Region Size: 2M
 Heap Min Capacity: 8M
 Heap Initial Capacity: 256M
 Heap Max Capacity: 4G
 Pre-touch: Disabled
 Parallel Workers: 13
 Concurrent Workers: 3
 Concurrent Refinement Workers: 13
 Periodic GC: Disabled
Heap:
 garbage-first heap   total 376832K, used 192916K [0x0000000700000000, 0x0000000800000000)
  region size 2048K, 49 young (100352K), 1 survivors (2048K)
 Metaspace       used 82971K, committed 109440K, reserved 1179648K
  class space    used 23793K, committed 32704K, reserved 1048576K
GC Heap History (20 events):
Event: 22.697 GC heap before
{Heap before GC invocations=43 (full 0):
 garbage-first heap   total 610304K, used 494550K [0x0000000700000000, 0x0000000800000000)
  region size 2048K, 170 young (348160K), 6 survivors (12288K)
 Metaspace       used 67526K, committed 87360K, reserved 1114112K
  class space    used 18542K, committed 25152K, reserved 1048576K
}
Event: 22.702 GC heap after
{Heap after GC invocations=44 (full 0):
 garbage-first heap   total 610304K, used 61238K [0x0000000700000000, 0x0000000800000000)
  region size 2048K, 4 young (8192K), 4 survivors (8192K)
 Metaspace       used 67526K, committed 87360K, reserved 1114112K
  class space    used 18542K, committed 25152K, reserved 1048576K
}
Event: 22.840 GC heap before
{Heap before GC invocations=44 (full 0):
 garbage-first heap   total 610304K, used 81718K [0x0000000700000000, 0x0000000800000000)
  region size 2048K, 14 young (28672K), 4 survivors (8192K)
 Metaspace       used 68284K, committed 88576K, reserved 1114112K
  class space    used 18805K, committed 25600K, reserved 1048576K
}
Event: 22.846 GC heap after
{Heap after GC invocations=45 (full 0):
 garbage-first heap   total 610304K, used 61911K [0x0000000700000000, 0x0000000800000000)
  region size 2048K, 1 young (2048K), 1 survivors (2048K)
 Metaspace       used 68284K, committed 88576K, reserved 1114112K
  class space    used 18805K, committed 25600K, reserved 1048576K
}
Event: 24.877 GC heap before
{Heap before GC invocations=45 (full 0):
 garbage-first heap   total 610304K, used 424407K [0x0000000700000000, 0x0000000800000000)
  region size 2048K, 178 young (364544K), 1 survivors (2048K)
 Metaspace       used 77903K, committed 102208K, reserved 1179648K
  class space    used 22122K, committed 30272K, reserved 1048576K
}
Event: 24.883 GC heap after
{Heap after GC invocations=46 (full 0):
 garbage-first heap   total 610304K, used 66473K [0x0000000700000000, 0x0000000800000000)
  region size 2048K, 3 young (6144K), 3 survivors (6144K)
 Metaspace       used 77903K, committed 102208K, reserved 1179648K
  class space    used 22122K, committed 30272K, reserved 1048576K
}
Event: 32.507 GC heap before
{Heap before GC invocations=46 (full 0):
 garbage-first heap   total 610304K, used 424873K [0x0000000700000000, 0x0000000800000000)
  region size 2048K, 178 young (364544K), 3 survivors (6144K)
 Metaspace       used 80827K, committed 106432K, reserved 1179648K
  class space    used 23118K, committed 31744K, reserved 1048576K
}
Event: 32.513 GC heap after
{Heap after GC invocations=47 (full 0):
 garbage-first heap   total 610304K, used 71381K [0x0000000700000000, 0x0000000800000000)
  region size 2048K, 6 young (12288K), 6 survivors (12288K)
 Metaspace       used 80827K, committed 106432K, reserved 1179648K
  class space    used 23118K, committed 31744K, reserved 1048576K
}
Event: 35.406 GC heap before
{Heap before GC invocations=47 (full 0):
 garbage-first heap   total 610304K, used 423637K [0x0000000700000000, 0x0000000800000000)
  region size 2048K, 178 young (364544K), 6 survivors (12288K)
 Metaspace       used 82917K, committed 109376K, reserved 1179648K
  class space    used 23786K, committed 32704K, reserved 1048576K
}
Event: 35.418 GC heap after
{Heap after GC invocations=48 (full 0):
 garbage-first heap   total 610304K, used 84550K [0x0000000700000000, 0x0000000800000000)
  region size 2048K, 12 young (24576K), 12 survivors (24576K)
 Metaspace       used 82917K, committed 109376K, reserved 1179648K
  class space    used 23786K, committed 32704K, reserved 1048576K
}
Event: 39.079 GC heap before
{Heap before GC invocations=49 (full 0):
 garbage-first heap   total 376832K, used 285254K [0x0000000700000000, 0x0000000800000000)
  region size 2048K, 110 young (225280K), 12 survivors (24576K)
 Metaspace       used 82931K, committed 109376K, reserved 1179648K
  class space    used 23786K, committed 32704K, reserved 1048576K
}
Event: 39.090 GC heap after
{Heap after GC invocations=50 (full 0):
 garbage-first heap   total 376832K, used 93645K [0x0000000700000000, 0x0000000800000000)
  region size 2048K, 12 young (24576K), 12 survivors (24576K)
 Metaspace       used 82931K, committed 109376K, reserved 1179648K
  class space    used 23786K, committed 32704K, reserved 1048576K
}
Event: 39.123 GC heap before
{Heap before GC invocations=50 (full 0):
 garbage-first heap   total 376832K, used 95693K [0x0000000700000000, 0x0000000800000000)
  region size 2048K, 13 young (26624K), 12 survivors (24576K)
 Metaspace       used 82931K, committed 109376K, reserved 1179648K
  class space    used 23786K, committed 32704K, reserved 1048576K
}
Event: 39.129 GC heap after
{Heap after GC invocations=51 (full 0):
 garbage-first heap   total 376832K, used 93942K [0x0000000700000000, 0x0000000800000000)
  region size 2048K, 1 young (2048K), 1 survivors (2048K)
 Metaspace       used 82931K, committed 109376K, reserved 1179648K
  class space    used 23786K, committed 32704K, reserved 1048576K
}
Event: 42.425 GC heap before
{Heap before GC invocations=51 (full 0):
 garbage-first heap   total 376832K, used 272118K [0x0000000700000000, 0x0000000800000000)
  region size 2048K, 89 young (182272K), 1 survivors (2048K)
 Metaspace       used 82931K, committed 109376K, reserved 1179648K
  class space    used 23786K, committed 32704K, reserved 1048576K
}
Event: 42.430 GC heap after
{Heap after GC invocations=52 (full 0):
 garbage-first heap   total 376832K, used 98282K [0x0000000700000000, 0x0000000800000000)
  region size 2048K, 4 young (8192K), 4 survivors (8192K)
 Metaspace       used 82931K, committed 109376K, reserved 1179648K
  class space    used 23786K, committed 32704K, reserved 1048576K
}
Event: 49.647 GC heap before
{Heap before GC invocations=53 (full 0):
 garbage-first heap   total 376832K, used 317418K [0x0000000700000000, 0x0000000800000000)
  region size 2048K, 106 young (217088K), 4 survivors (8192K)
 Metaspace       used 82967K, committed 109440K, reserved 1179648K
  class space    used 23792K, committed 32704K, reserved 1048576K
}
Event: 49.649 GC heap after
{Heap after GC invocations=54 (full 0):
 garbage-first heap   total 376832K, used 96804K [0x0000000700000000, 0x0000000800000000)
  region size 2048K, 3 young (6144K), 3 survivors (6144K)
 Metaspace       used 82967K, committed 109440K, reserved 1179648K
  class space    used 23792K, committed 32704K, reserved 1048576K
}
Event: 49.804 GC heap before
{Heap before GC invocations=54 (full 0):
 garbage-first heap   total 376832K, used 109092K [0x0000000700000000, 0x0000000800000000)
  region size 2048K, 9 young (18432K), 3 survivors (6144K)
 Metaspace       used 82967K, committed 109440K, reserved 1179648K
  class space    used 23792K, committed 32704K, reserved 1048576K
}
Event: 49.808 GC heap after
{Heap after GC invocations=55 (full 0):
 garbage-first heap   total 376832K, used 96660K [0x0000000700000000, 0x0000000800000000)
  region size 2048K, 1 young (2048K), 1 survivors (2048K)
 Metaspace       used 82967K, committed 109440K, reserved 1179648K
  class space    used 23792K, committed 32704K, reserved 1048576K
}

