# JRE version: OpenJDK Runtime Environment Homebrew (19.0.2) (build 19.0.2)
# Java VM: OpenJDK 64-Bit Server VM Homebrew (19.0.2, mixed mode, emulated-client, sharing, tiered, compressed oops, compressed class ptrs, g1 gc, bsd-amd64)
GC Precious Log:
 CardTable entry size: 512
 Card Set container configuration: InlinePtr #cards 4 size 8 Array Of Cards #cards 16 size 48 Howl #buckets 8 coarsen threshold 3686 Howl Bitmap #cards 512 size 80 coarsen threshold 460 Card regions per heap region 1 cards per card region 4096
 CPUs: 16 total, 16 available
 Memory: 16384M
 Large Page Support: Disabled
 NUMA Support: Disabled
 Compressed Oops: Enabled (Zero based)
 Heap Region Size: 2M
 Heap Min Capacity: 8M
 Heap Initial Capacity: 256M
 Heap Max Capacity: 4G
 Pre-touch: Disabled
 Parallel Workers: 13
 Concurrent Workers: 3
 Concurrent Refinement Workers: 13
 Periodic GC: Disabled
Heap:
 garbage-first heap   total 241664K, used 155685K [0x0000000700000000, 0x0000000800000000)
  region size 2048K, 31 young (63488K), 1 survivors (2048K)
 Metaspace       used 82962K, committed 109504K, reserved 1179648K
  class space    used 23791K, committed 32768K, reserved 1048576K
GC Heap History (20 events):
Event: 161.450 GC heap before
{Heap before GC invocations=104 (full 0):
 garbage-first heap   total 241664K, used 210928K [0x0000000700000000, 0x0000000800000000)
  region size 2048K, 57 young (116736K), 1 survivors (2048K)
 Metaspace       used 82958K, committed 109504K, reserved 1179648K
  class space    used 23789K, committed 32768K, reserved 1048576K
}
Event: 161.451 GC heap after
{Heap after GC invocations=105 (full 0):
 garbage-first heap   total 241664K, used 96270K [0x0000000700000000, 0x0000000800000000)
  region size 2048K, 1 young (2048K), 1 survivors (2048K)
 Metaspace       used 82958K, committed 109504K, reserved 1179648K
  class space    used 23789K, committed 32768K, reserved 1048576K
}
Event: 188.464 GC heap before
{Heap before GC invocations=105 (full 0):
 garbage-first heap   total 241664K, used 210958K [0x0000000700000000, 0x0000000800000000)
  region size 2048K, 57 young (116736K), 1 survivors (2048K)
 Metaspace       used 82958K, committed 109504K, reserved 1179648K
  class space    used 23789K, committed 32768K, reserved 1048576K
}
Event: 188.467 GC heap after
{Heap after GC invocations=106 (full 0):
 garbage-first heap   total 241664K, used 96269K [0x0000000700000000, 0x0000000800000000)
  region size 2048K, 1 young (2048K), 1 survivors (2048K)
 Metaspace       used 82958K, committed 109504K, reserved 1179648K
  class space    used 23789K, committed 32768K, reserved 1048576K
}
Event: 193.106 GC heap before
{Heap before GC invocations=106 (full 0):
 garbage-first heap   total 241664K, used 210957K [0x0000000700000000, 0x0000000800000000)
  region size 2048K, 57 young (116736K), 1 survivors (2048K)
 Metaspace       used 82958K, committed 109504K, reserved 1179648K
  class space    used 23789K, committed 32768K, reserved 1048576K
}
Event: 193.108 GC heap after
{Heap after GC invocations=107 (full 0):
 garbage-first heap   total 241664K, used 96301K [0x0000000700000000, 0x0000000800000000)
  region size 2048K, 1 young (2048K), 1 survivors (2048K)
 Metaspace       used 82958K, committed 109504K, reserved 1179648K
  class space    used 23789K, committed 32768K, reserved 1048576K
}
Event: 194.524 GC heap before
{Heap before GC invocations=107 (full 0):
 garbage-first heap   total 241664K, used 210989K [0x0000000700000000, 0x0000000800000000)
  region size 2048K, 57 young (116736K), 1 survivors (2048K)
 Metaspace       used 82958K, committed 109504K, reserved 1179648K
  class space    used 23789K, committed 32768K, reserved 1048576K
}
Event: 194.526 GC heap after
{Heap after GC invocations=108 (full 0):
 garbage-first heap   total 241664K, used 96255K [0x0000000700000000, 0x0000000800000000)
  region size 2048K, 1 young (2048K), 1 survivors (2048K)
 Metaspace       used 82958K, committed 109504K, reserved 1179648K
  class space    used 23789K, committed 32768K, reserved 1048576K
}
Event: 198.673 GC heap before
{Heap before GC invocations=108 (full 0):
 garbage-first heap   total 241664K, used 210943K [0x0000000700000000, 0x0000000800000000)
  region size 2048K, 57 young (116736K), 1 survivors (2048K)
 Metaspace       used 82958K, committed 109504K, reserved 1179648K
  class space    used 23789K, committed 32768K, reserved 1048576K
}
Event: 198.675 GC heap after
{Heap after GC invocations=109 (full 0):
 garbage-first heap   total 241664K, used 96261K [0x0000000700000000, 0x0000000800000000)
  region size 2048K, 1 young (2048K), 1 survivors (2048K)
 Metaspace       used 82958K, committed 109504K, reserved 1179648K
  class space    used 23789K, committed 32768K, reserved 1048576K
}
Event: 199.437 GC heap before
{Heap before GC invocations=109 (full 0):
 garbage-first heap   total 241664K, used 210949K [0x0000000700000000, 0x0000000800000000)
  region size 2048K, 57 young (116736K), 1 survivors (2048K)
 Metaspace       used 82958K, committed 109504K, reserved 1179648K
  class space    used 23789K, committed 32768K, reserved 1048576K
}
Event: 199.439 GC heap after
{Heap after GC invocations=110 (full 0):
 garbage-first heap   total 241664K, used 96274K [0x0000000700000000, 0x0000000800000000)
  region size 2048K, 1 young (2048K), 1 survivors (2048K)
 Metaspace       used 82958K, committed 109504K, reserved 1179648K
  class space    used 23789K, committed 32768K, reserved 1048576K
}
Event: 199.808 GC heap before
{Heap before GC invocations=110 (full 0):
 garbage-first heap   total 241664K, used 208914K [0x0000000700000000, 0x0000000800000000)
  region size 2048K, 56 young (114688K), 1 survivors (2048K)
 Metaspace       used 82958K, committed 109504K, reserved 1179648K
  class space    used 23789K, committed 32768K, reserved 1048576K
}
Event: 199.809 GC heap after
{Heap after GC invocations=111 (full 0):
 garbage-first heap   total 241664K, used 96271K [0x0000000700000000, 0x0000000800000000)
  region size 2048K, 1 young (2048K), 1 survivors (2048K)
 Metaspace       used 82958K, committed 109504K, reserved 1179648K
  class space    used 23789K, committed 32768K, reserved 1048576K
}
Event: 200.249 GC heap before
{Heap before GC invocations=111 (full 0):
 garbage-first heap   total 241664K, used 208911K [0x0000000700000000, 0x0000000800000000)
  region size 2048K, 56 young (114688K), 1 survivors (2048K)
 Metaspace       used 82958K, committed 109504K, reserved 1179648K
  class space    used 23789K, committed 32768K, reserved 1048576K
}
Event: 200.250 GC heap after
{Heap after GC invocations=112 (full 0):
 garbage-first heap   total 241664K, used 96295K [0x0000000700000000, 0x0000000800000000)
  region size 2048K, 1 young (2048K), 1 survivors (2048K)
 Metaspace       used 82958K, committed 109504K, reserved 1179648K
  class space    used 23789K, committed 32768K, reserved 1048576K
}
Event: 200.638 GC heap before
{Heap before GC invocations=112 (full 0):
 garbage-first heap   total 241664K, used 208935K [0x0000000700000000, 0x0000000800000000)
  region size 2048K, 56 young (114688K), 1 survivors (2048K)
 Metaspace       used 82958K, committed 109504K, reserved 1179648K
  class space    used 23789K, committed 32768K, reserved 1048576K
}
Event: 200.640 GC heap after
{Heap after GC invocations=113 (full 0):
 garbage-first heap   total 241664K, used 96285K [0x0000000700000000, 0x0000000800000000)
  region size 2048K, 1 young (2048K), 1 survivors (2048K)
 Metaspace       used 82958K, committed 109504K, reserved 1179648K
  class space    used 23789K, committed 32768K, reserved 1048576K
}
Event: 205.498 GC heap before
{Heap before GC invocations=113 (full 0):
 garbage-first heap   total 241664K, used 208925K [0x0000000700000000, 0x0000000800000000)
  region size 2048K, 56 young (114688K), 1 survivors (2048K)
 Metaspace       used 82958K, committed 109504K, reserved 1179648K
  class space    used 23789K, committed 32768K, reserved 1048576K
}
Event: 205.500 GC heap after
{Heap after GC invocations=114 (full 0):
 garbage-first heap   total 241664K, used 96293K [0x0000000700000000, 0x0000000800000000)
  region size 2048K, 1 young (2048K), 1 survivors (2048K)
 Metaspace       used 82958K, committed 109504K, reserved 1179648K
  class space    used 23789K, committed 32768K, reserved 1048576K
}

