# JRE version: OpenJDK Runtime Environment Homebrew (19.0.2) (build 19.0.2)
# Java VM: OpenJDK 64-Bit Server VM Homebrew (19.0.2, mixed mode, emulated-client, sharing, tiered, compressed oops, compressed class ptrs, g1 gc, bsd-amd64)
GC Precious Log:
 CardTable entry size: 512
 Card Set container configuration: InlinePtr #cards 4 size 8 Array Of Cards #cards 16 size 48 Howl #buckets 8 coarsen threshold 3686 Howl Bitmap #cards 512 size 80 coarsen threshold 460 Card regions per heap region 1 cards per card region 4096
 CPUs: 16 total, 16 available
 Memory: 16384M
 Large Page Support: Disabled
 NUMA Support: Disabled
 Compressed Oops: Enabled (Zero based)
 Heap Region Size: 2M
 Heap Min Capacity: 8M
 Heap Initial Capacity: 256M
 Heap Max Capacity: 4G
 Pre-touch: Disabled
 Parallel Workers: 13
 Concurrent Workers: 3
 Concurrent Refinement Workers: 13
 Periodic GC: Disabled
Heap:
 garbage-first heap   total 274432K, used 101953K [0x0000000700000000, 0x0000000800000000)
  region size 2048K, 5 young (10240K), 2 survivors (4096K)
 Metaspace       used 74303K, committed 99776K, reserved 1179648K
  class space    used 20990K, committed 29504K, reserved 1048576K
GC Heap History (20 events):
Event: 4934.690 GC heap before
{Heap before GC invocations=45 (full 0):
 garbage-first heap   total 274432K, used 229125K [0x0000000700000000, 0x0000000800000000)
  region size 2048K, 79 young (161792K), 6 survivors (12288K)
 Metaspace       used 74253K, committed 99776K, reserved 1179648K
  class space    used 20980K, committed 29504K, reserved 1048576K
}
Event: 4934.696 GC heap after
{Heap after GC invocations=46 (full 0):
 garbage-first heap   total 274432K, used 85047K [0x0000000700000000, 0x0000000800000000)
  region size 2048K, 8 young (16384K), 8 survivors (16384K)
 Metaspace       used 74253K, committed 99776K, reserved 1179648K
  class space    used 20980K, committed 29504K, reserved 1048576K
}
Event: 4936.060 GC heap before
{Heap before GC invocations=46 (full 0):
 garbage-first heap   total 274432K, used 224311K [0x0000000700000000, 0x0000000800000000)
  region size 2048K, 76 young (155648K), 8 survivors (16384K)
 Metaspace       used 74262K, committed 99776K, reserved 1179648K
  class space    used 20980K, committed 29504K, reserved 1048576K
}
Event: 4936.068 GC heap after
{Heap after GC invocations=47 (full 0):
 garbage-first heap   total 274432K, used 95666K [0x0000000700000000, 0x0000000800000000)
  region size 2048K, 10 young (20480K), 10 survivors (20480K)
 Metaspace       used 74262K, committed 99776K, reserved 1179648K
  class space    used 20980K, committed 29504K, reserved 1048576K
}
Event: 4948.481 GC heap before
{Heap before GC invocations=47 (full 0):
 garbage-first heap   total 274432K, used 220594K [0x0000000700000000, 0x0000000800000000)
  region size 2048K, 71 young (145408K), 10 survivors (20480K)
 Metaspace       used 74262K, committed 99776K, reserved 1179648K
  class space    used 20980K, committed 29504K, reserved 1048576K
}
Event: 4948.496 GC heap after
{Heap after GC invocations=48 (full 0):
 garbage-first heap   total 274432K, used 97308K [0x0000000700000000, 0x0000000800000000)
  region size 2048K, 1 young (2048K), 1 survivors (2048K)
 Metaspace       used 74262K, committed 99776K, reserved 1179648K
  class space    used 20980K, committed 29504K, reserved 1048576K
}
Event: 4950.484 GC heap before
{Heap before GC invocations=48 (full 0):
 garbage-first heap   total 274432K, used 228380K [0x0000000700000000, 0x0000000800000000)
  region size 2048K, 65 young (133120K), 1 survivors (2048K)
 Metaspace       used 74262K, committed 99776K, reserved 1179648K
  class space    used 20980K, committed 29504K, reserved 1048576K
}
Event: 4950.485 GC heap after
{Heap after GC invocations=49 (full 0):
 garbage-first heap   total 274432K, used 95811K [0x0000000700000000, 0x0000000800000000)
  region size 2048K, 1 young (2048K), 1 survivors (2048K)
 Metaspace       used 74262K, committed 99776K, reserved 1179648K
  class space    used 20980K, committed 29504K, reserved 1048576K
}
Event: 4963.692 GC heap before
{Heap before GC invocations=49 (full 0):
 garbage-first heap   total 274432K, used 228931K [0x0000000700000000, 0x0000000800000000)
  region size 2048K, 66 young (135168K), 1 survivors (2048K)
 Metaspace       used 74265K, committed 99776K, reserved 1179648K
  class space    used 20980K, committed 29504K, reserved 1048576K
}
Event: 4963.694 GC heap after
{Heap after GC invocations=50 (full 0):
 garbage-first heap   total 274432K, used 95454K [0x0000000700000000, 0x0000000800000000)
  region size 2048K, 1 young (2048K), 1 survivors (2048K)
 Metaspace       used 74265K, committed 99776K, reserved 1179648K
  class space    used 20980K, committed 29504K, reserved 1048576K
}
Event: 4970.149 GC heap before
{Heap before GC invocations=50 (full 0):
 garbage-first heap   total 274432K, used 230622K [0x0000000700000000, 0x0000000800000000)
  region size 2048K, 67 young (137216K), 1 survivors (2048K)
 Metaspace       used 74265K, committed 99776K, reserved 1179648K
  class space    used 20980K, committed 29504K, reserved 1048576K
}
Event: 4970.150 GC heap after
{Heap after GC invocations=51 (full 0):
 garbage-first heap   total 274432K, used 95346K [0x0000000700000000, 0x0000000800000000)
  region size 2048K, 1 young (2048K), 1 survivors (2048K)
 Metaspace       used 74265K, committed 99776K, reserved 1179648K
  class space    used 20980K, committed 29504K, reserved 1048576K
}
Event: 4975.414 GC heap before
{Heap before GC invocations=51 (full 0):
 garbage-first heap   total 274432K, used 232562K [0x0000000700000000, 0x0000000800000000)
  region size 2048K, 68 young (139264K), 1 survivors (2048K)
 Metaspace       used 74269K, committed 99776K, reserved 1179648K
  class space    used 20981K, committed 29504K, reserved 1048576K
}
Event: 4975.416 GC heap after
{Heap after GC invocations=52 (full 0):
 garbage-first heap   total 274432K, used 97036K [0x0000000700000000, 0x0000000800000000)
  region size 2048K, 1 young (2048K), 1 survivors (2048K)
 Metaspace       used 74269K, committed 99776K, reserved 1179648K
  class space    used 20981K, committed 29504K, reserved 1048576K
}
Event: 4978.558 GC heap before
{Heap before GC invocations=52 (full 0):
 garbage-first heap   total 274432K, used 234252K [0x0000000700000000, 0x0000000800000000)
  region size 2048K, 68 young (139264K), 1 survivors (2048K)
 Metaspace       used 74282K, committed 99776K, reserved 1179648K
  class space    used 20984K, committed 29504K, reserved 1048576K
}
Event: 4978.560 GC heap after
{Heap after GC invocations=53 (full 0):
 garbage-first heap   total 274432K, used 95424K [0x0000000700000000, 0x0000000800000000)
  region size 2048K, 1 young (2048K), 1 survivors (2048K)
 Metaspace       used 74282K, committed 99776K, reserved 1179648K
  class space    used 20984K, committed 29504K, reserved 1048576K
}
Event: 4979.692 GC heap before
{Heap before GC invocations=53 (full 0):
 garbage-first heap   total 274432K, used 234688K [0x0000000700000000, 0x0000000800000000)
  region size 2048K, 69 young (141312K), 1 survivors (2048K)
 Metaspace       used 74291K, committed 99776K, reserved 1179648K
  class space    used 20987K, committed 29504K, reserved 1048576K
}
Event: 4979.694 GC heap after
{Heap after GC invocations=54 (full 0):
 garbage-first heap   total 274432K, used 95656K [0x0000000700000000, 0x0000000800000000)
  region size 2048K, 1 young (2048K), 1 survivors (2048K)
 Metaspace       used 74291K, committed 99776K, reserved 1179648K
  class space    used 20987K, committed 29504K, reserved 1048576K
}
Event: 4980.569 GC heap before
{Heap before GC invocations=54 (full 0):
 garbage-first heap   total 274432K, used 234920K [0x0000000700000000, 0x0000000800000000)
  region size 2048K, 69 young (141312K), 1 survivors (2048K)
 Metaspace       used 74299K, committed 99776K, reserved 1179648K
  class space    used 20989K, committed 29504K, reserved 1048576K
}
Event: 4980.571 GC heap after
{Heap after GC invocations=55 (full 0):
 garbage-first heap   total 274432K, used 97857K [0x0000000700000000, 0x0000000800000000)
  region size 2048K, 2 young (4096K), 2 survivors (4096K)
 Metaspace       used 74299K, committed 99776K, reserved 1179648K
  class space    used 20989K, committed 29504K, reserved 1048576K
}

