# JRE version: OpenJDK Runtime Environment Homebrew (19.0.2) (build 19.0.2)
# Java VM: OpenJDK 64-Bit Server VM Homebrew (19.0.2, mixed mode, emulated-client, sharing, tiered, compressed oops, compressed class ptrs, g1 gc, bsd-amd64)
GC Precious Log:
 CardTable entry size: 512
 Card Set container configuration: InlinePtr #cards 4 size 8 Array Of Cards #cards 16 size 48 Howl #buckets 8 coarsen threshold 3686 Howl Bitmap #cards 512 size 80 coarsen threshold 460 Card regions per heap region 1 cards per card region 4096
 CPUs: 16 total, 16 available
 Memory: 16384M
 Large Page Support: Disabled
 NUMA Support: Disabled
 Compressed Oops: Enabled (Zero based)
 Heap Region Size: 2M
 Heap Min Capacity: 8M
 Heap Initial Capacity: 256M
 Heap Max Capacity: 4G
 Pre-touch: Disabled
 Parallel Workers: 13
 Concurrent Workers: 3
 Concurrent Refinement Workers: 13
 Periodic GC: Disabled
Heap:
 garbage-first heap   total 368640K, used 281515K [0x0000000700000000, 0x0000000800000000)
  region size 2048K, 90 young (184320K), 7 survivors (14336K)
 Metaspace       used 105975K, committed 142208K, reserved 1179648K
  class space    used 30943K, committed 43136K, reserved 1048576K
GC Heap History (20 events):
Event: 312.093 GC heap before
{Heap before GC invocations=55 (full 0):
 garbage-first heap   total 368640K, used 309353K [0x0000000700000000, 0x0000000800000000)
  region size 2048K, 105 young (215040K), 6 survivors (12288K)
 Metaspace       used 105811K, committed 141952K, reserved 1179648K
  class space    used 30884K, committed 43072K, reserved 1048576K
}
Event: 312.096 GC heap after
{Heap after GC invocations=56 (full 0):
 garbage-first heap   total 368640K, used 105349K [0x0000000700000000, 0x0000000800000000)
  region size 2048K, 5 young (10240K), 5 survivors (10240K)
 Metaspace       used 105811K, committed 141952K, reserved 1179648K
  class space    used 30884K, committed 43072K, reserved 1048576K
}
Event: 315.376 GC heap before
{Heap before GC invocations=56 (full 0):
 garbage-first heap   total 368640K, used 312197K [0x0000000700000000, 0x0000000800000000)
  region size 2048K, 106 young (217088K), 5 survivors (10240K)
 Metaspace       used 105812K, committed 141952K, reserved 1179648K
  class space    used 30884K, committed 43072K, reserved 1048576K
}
Event: 315.378 GC heap after
{Heap after GC invocations=57 (full 0):
 garbage-first heap   total 368640K, used 104260K [0x0000000700000000, 0x0000000800000000)
  region size 2048K, 4 young (8192K), 4 survivors (8192K)
 Metaspace       used 105812K, committed 141952K, reserved 1179648K
  class space    used 30884K, committed 43072K, reserved 1048576K
}
Event: 319.261 GC heap before
{Heap before GC invocations=57 (full 0):
 garbage-first heap   total 368640K, used 317252K [0x0000000700000000, 0x0000000800000000)
  region size 2048K, 108 young (221184K), 4 survivors (8192K)
 Metaspace       used 105812K, committed 141952K, reserved 1179648K
  class space    used 30884K, committed 43072K, reserved 1048576K
}
Event: 319.263 GC heap after
{Heap after GC invocations=58 (full 0):
 garbage-first heap   total 368640K, used 104165K [0x0000000700000000, 0x0000000800000000)
  region size 2048K, 4 young (8192K), 4 survivors (8192K)
 Metaspace       used 105812K, committed 141952K, reserved 1179648K
  class space    used 30884K, committed 43072K, reserved 1048576K
}
Event: 321.949 GC heap before
{Heap before GC invocations=58 (full 0):
 garbage-first heap   total 368640K, used 317157K [0x0000000700000000, 0x0000000800000000)
  region size 2048K, 108 young (221184K), 4 survivors (8192K)
 Metaspace       used 105812K, committed 141952K, reserved 1179648K
  class space    used 30884K, committed 43072K, reserved 1048576K
}
Event: 321.951 GC heap after
{Heap after GC invocations=59 (full 0):
 garbage-first heap   total 368640K, used 104107K [0x0000000700000000, 0x0000000800000000)
  region size 2048K, 4 young (8192K), 4 survivors (8192K)
 Metaspace       used 105812K, committed 141952K, reserved 1179648K
  class space    used 30884K, committed 43072K, reserved 1048576K
}
Event: 659.630 GC heap before
{Heap before GC invocations=59 (full 0):
 garbage-first heap   total 368640K, used 317099K [0x0000000700000000, 0x0000000800000000)
  region size 2048K, 108 young (221184K), 4 survivors (8192K)
 Metaspace       used 105851K, committed 142016K, reserved 1179648K
  class space    used 30897K, committed 43072K, reserved 1048576K
}
Event: 659.633 GC heap after
{Heap after GC invocations=60 (full 0):
 garbage-first heap   total 368640K, used 104214K [0x0000000700000000, 0x0000000800000000)
  region size 2048K, 4 young (8192K), 4 survivors (8192K)
 Metaspace       used 105851K, committed 142016K, reserved 1179648K
  class space    used 30897K, committed 43072K, reserved 1048576K
}
Event: 660.107 GC heap before
{Heap before GC invocations=60 (full 0):
 garbage-first heap   total 368640K, used 317206K [0x0000000700000000, 0x0000000800000000)
  region size 2048K, 108 young (221184K), 4 survivors (8192K)
 Metaspace       used 105922K, committed 142144K, reserved 1179648K
  class space    used 30923K, committed 43136K, reserved 1048576K
}
Event: 660.111 GC heap after
{Heap after GC invocations=61 (full 0):
 garbage-first heap   total 368640K, used 104384K [0x0000000700000000, 0x0000000800000000)
  region size 2048K, 5 young (10240K), 5 survivors (10240K)
 Metaspace       used 105922K, committed 142144K, reserved 1179648K
  class space    used 30923K, committed 43136K, reserved 1048576K
}
Event: 660.626 GC heap before
{Heap before GC invocations=61 (full 0):
 garbage-first heap   total 368640K, used 315328K [0x0000000700000000, 0x0000000800000000)
  region size 2048K, 108 young (221184K), 5 survivors (10240K)
 Metaspace       used 105922K, committed 142144K, reserved 1179648K
  class space    used 30923K, committed 43136K, reserved 1048576K
}
Event: 660.629 GC heap after
{Heap after GC invocations=62 (full 0):
 garbage-first heap   total 368640K, used 104266K [0x0000000700000000, 0x0000000800000000)
  region size 2048K, 4 young (8192K), 4 survivors (8192K)
 Metaspace       used 105922K, committed 142144K, reserved 1179648K
  class space    used 30923K, committed 43136K, reserved 1048576K
}
Event: 661.244 GC heap before
{Heap before GC invocations=62 (full 0):
 garbage-first heap   total 368640K, used 317258K [0x0000000700000000, 0x0000000800000000)
  region size 2048K, 108 young (221184K), 4 survivors (8192K)
 Metaspace       used 105922K, committed 142144K, reserved 1179648K
  class space    used 30923K, committed 43136K, reserved 1048576K
}
Event: 661.246 GC heap after
{Heap after GC invocations=63 (full 0):
 garbage-first heap   total 368640K, used 104266K [0x0000000700000000, 0x0000000800000000)
  region size 2048K, 4 young (8192K), 4 survivors (8192K)
 Metaspace       used 105922K, committed 142144K, reserved 1179648K
  class space    used 30923K, committed 43136K, reserved 1048576K
}
Event: 668.123 GC heap before
{Heap before GC invocations=63 (full 0):
 garbage-first heap   total 368640K, used 317258K [0x0000000700000000, 0x0000000800000000)
  region size 2048K, 108 young (221184K), 4 survivors (8192K)
 Metaspace       used 105967K, committed 142208K, reserved 1179648K
  class space    used 30941K, committed 43136K, reserved 1048576K
}
Event: 668.127 GC heap after
{Heap after GC invocations=64 (full 0):
 garbage-first heap   total 368640K, used 106086K [0x0000000700000000, 0x0000000800000000)
  region size 2048K, 5 young (10240K), 5 survivors (10240K)
 Metaspace       used 105967K, committed 142208K, reserved 1179648K
  class space    used 30941K, committed 43136K, reserved 1048576K
}
Event: 672.182 GC heap before
{Heap before GC invocations=64 (full 0):
 garbage-first heap   total 368640K, used 317030K [0x0000000700000000, 0x0000000800000000)
  region size 2048K, 108 young (221184K), 5 survivors (10240K)
 Metaspace       used 105968K, committed 142208K, reserved 1179648K
  class space    used 30941K, committed 43136K, reserved 1048576K
}
Event: 672.186 GC heap after
{Heap after GC invocations=65 (full 0):
 garbage-first heap   total 368640K, used 109483K [0x0000000700000000, 0x0000000800000000)
  region size 2048K, 7 young (14336K), 7 survivors (14336K)
 Metaspace       used 105968K, committed 142208K, reserved 1179648K
  class space    used 30941K, committed 43136K, reserved 1048576K
}

