# JRE version: OpenJDK Runtime Environment Homebrew (19.0.2) (build 19.0.2)
# Java VM: OpenJDK 64-Bit Server VM Homebrew (19.0.2, mixed mode, emulated-client, sharing, tiered, compressed oops, compressed class ptrs, g1 gc, bsd-amd64)
GC Precious Log:
 CardTable entry size: 512
 Card Set container configuration: InlinePtr #cards 4 size 8 Array Of Cards #cards 16 size 48 Howl #buckets 8 coarsen threshold 3686 Howl Bitmap #cards 512 size 80 coarsen threshold 460 Card regions per heap region 1 cards per card region 4096
 CPUs: 16 total, 16 available
 Memory: 16384M
 Large Page Support: Disabled
 NUMA Support: Disabled
 Compressed Oops: Enabled (Zero based)
 Heap Region Size: 2M
 Heap Min Capacity: 8M
 Heap Initial Capacity: 256M
 Heap Max Capacity: 4G
 Pre-touch: Disabled
 Parallel Workers: 13
 Concurrent Workers: 3
 Concurrent Refinement Workers: 13
 Periodic GC: Disabled
Heap:
 garbage-first heap   total 380928K, used 210417K [0x0000000700000000, 0x0000000800000000)
  region size 2048K, 60 young (122880K), 3 survivors (6144K)
 Metaspace       used 82964K, committed 109440K, reserved 1179648K
  class space    used 23811K, committed 32704K, reserved 1048576K
GC Heap History (20 events):
Event: 53.199 GC heap before
{Heap before GC invocations=50 (full 0):
 garbage-first heap   total 380928K, used 292639K [0x0000000700000000, 0x0000000800000000)
  region size 2048K, 111 young (227328K), 3 survivors (6144K)
 Metaspace       used 80808K, committed 106304K, reserved 1179648K
  class space    used 23131K, committed 31680K, reserved 1048576K
}
Event: 53.205 GC heap after
{Heap after GC invocations=51 (full 0):
 garbage-first heap   total 380928K, used 74853K [0x0000000700000000, 0x0000000800000000)
  region size 2048K, 5 young (10240K), 5 survivors (10240K)
 Metaspace       used 80808K, committed 106304K, reserved 1179648K
  class space    used 23131K, committed 31680K, reserved 1048576K
}
Event: 57.523 GC heap before
{Heap before GC invocations=51 (full 0):
 garbage-first heap   total 380928K, used 302181K [0x0000000700000000, 0x0000000800000000)
  region size 2048K, 111 young (227328K), 5 survivors (10240K)
 Metaspace       used 80808K, committed 106304K, reserved 1179648K
  class space    used 23131K, committed 31680K, reserved 1048576K
}
Event: 57.528 GC heap after
{Heap after GC invocations=52 (full 0):
 garbage-first heap   total 380928K, used 78765K [0x0000000700000000, 0x0000000800000000)
  region size 2048K, 7 young (14336K), 7 survivors (14336K)
 Metaspace       used 80808K, committed 106304K, reserved 1179648K
  class space    used 23131K, committed 31680K, reserved 1048576K
}
Event: 59.734 GC heap before
{Heap before GC invocations=52 (full 0):
 garbage-first heap   total 380928K, used 291757K [0x0000000700000000, 0x0000000800000000)
  region size 2048K, 111 young (227328K), 7 survivors (14336K)
 Metaspace       used 81673K, committed 107520K, reserved 1179648K
  class space    used 23416K, committed 32064K, reserved 1048576K
}
Event: 59.739 GC heap after
{Heap after GC invocations=53 (full 0):
 garbage-first heap   total 380928K, used 79855K [0x0000000700000000, 0x0000000800000000)
  region size 2048K, 7 young (14336K), 7 survivors (14336K)
 Metaspace       used 81673K, committed 107520K, reserved 1179648K
  class space    used 23416K, committed 32064K, reserved 1048576K
}
Event: 60.362 GC heap before
{Heap before GC invocations=53 (full 0):
 garbage-first heap   total 380928K, used 292847K [0x0000000700000000, 0x0000000800000000)
  region size 2048K, 111 young (227328K), 7 survivors (14336K)
 Metaspace       used 82926K, committed 109376K, reserved 1179648K
  class space    used 23808K, committed 32704K, reserved 1048576K
}
Event: 60.370 GC heap after
{Heap after GC invocations=54 (full 0):
 garbage-first heap   total 380928K, used 91066K [0x0000000700000000, 0x0000000800000000)
  region size 2048K, 13 young (26624K), 13 survivors (26624K)
 Metaspace       used 82926K, committed 109376K, reserved 1179648K
  class space    used 23808K, committed 32704K, reserved 1048576K
}
Event: 66.373 GC heap before
{Heap before GC invocations=54 (full 0):
 garbage-first heap   total 380928K, used 291770K [0x0000000700000000, 0x0000000800000000)
  region size 2048K, 111 young (227328K), 13 survivors (26624K)
 Metaspace       used 82942K, committed 109376K, reserved 1179648K
  class space    used 23808K, committed 32704K, reserved 1048576K
}
Event: 66.380 GC heap after
{Heap after GC invocations=55 (full 0):
 garbage-first heap   total 380928K, used 96615K [0x0000000700000000, 0x0000000800000000)
  region size 2048K, 10 young (20480K), 10 survivors (20480K)
 Metaspace       used 82942K, committed 109376K, reserved 1179648K
  class space    used 23808K, committed 32704K, reserved 1048576K
}
Event: 67.482 GC heap before
{Heap before GC invocations=55 (full 0):
 garbage-first heap   total 380928K, used 303463K [0x0000000700000000, 0x0000000800000000)
  region size 2048K, 111 young (227328K), 10 survivors (20480K)
 Metaspace       used 82942K, committed 109376K, reserved 1179648K
  class space    used 23808K, committed 32704K, reserved 1048576K
}
Event: 67.487 GC heap after
{Heap after GC invocations=56 (full 0):
 garbage-first heap   total 380928K, used 97222K [0x0000000700000000, 0x0000000800000000)
  region size 2048K, 4 young (8192K), 4 survivors (8192K)
 Metaspace       used 82942K, committed 109376K, reserved 1179648K
  class space    used 23808K, committed 32704K, reserved 1048576K
}
Event: 69.204 GC heap before
{Heap before GC invocations=56 (full 0):
 garbage-first heap   total 380928K, used 316358K [0x0000000700000000, 0x0000000800000000)
  region size 2048K, 111 young (227328K), 4 survivors (8192K)
 Metaspace       used 82942K, committed 109376K, reserved 1179648K
  class space    used 23808K, committed 32704K, reserved 1048576K
}
Event: 69.207 GC heap after
{Heap after GC invocations=57 (full 0):
 garbage-first heap   total 380928K, used 96500K [0x0000000700000000, 0x0000000800000000)
  region size 2048K, 4 young (8192K), 4 survivors (8192K)
 Metaspace       used 82942K, committed 109376K, reserved 1179648K
  class space    used 23808K, committed 32704K, reserved 1048576K
}
Event: 70.486 GC heap before
{Heap before GC invocations=57 (full 0):
 garbage-first heap   total 380928K, used 315636K [0x0000000700000000, 0x0000000800000000)
  region size 2048K, 111 young (227328K), 4 survivors (8192K)
 Metaspace       used 82947K, committed 109440K, reserved 1179648K
  class space    used 23809K, committed 32704K, reserved 1048576K
}
Event: 70.489 GC heap after
{Heap after GC invocations=58 (full 0):
 garbage-first heap   total 380928K, used 96726K [0x0000000700000000, 0x0000000800000000)
  region size 2048K, 4 young (8192K), 4 survivors (8192K)
 Metaspace       used 82947K, committed 109440K, reserved 1179648K
  class space    used 23809K, committed 32704K, reserved 1048576K
}
Event: 92.508 GC heap before
{Heap before GC invocations=58 (full 0):
 garbage-first heap   total 380928K, used 315862K [0x0000000700000000, 0x0000000800000000)
  region size 2048K, 111 young (227328K), 4 survivors (8192K)
 Metaspace       used 82951K, committed 109440K, reserved 1179648K
  class space    used 23809K, committed 32704K, reserved 1048576K
}
Event: 92.511 GC heap after
{Heap after GC invocations=59 (full 0):
 garbage-first heap   total 380928K, used 95832K [0x0000000700000000, 0x0000000800000000)
  region size 2048K, 3 young (6144K), 3 survivors (6144K)
 Metaspace       used 82951K, committed 109440K, reserved 1179648K
  class space    used 23809K, committed 32704K, reserved 1048576K
}
Event: 110.960 GC heap before
{Heap before GC invocations=59 (full 0):
 garbage-first heap   total 380928K, used 317016K [0x0000000700000000, 0x0000000800000000)
  region size 2048K, 111 young (227328K), 3 survivors (6144K)
 Metaspace       used 82959K, committed 109440K, reserved 1179648K
  class space    used 23810K, committed 32704K, reserved 1048576K
}
Event: 110.962 GC heap after
{Heap after GC invocations=60 (full 0):
 garbage-first heap   total 380928K, used 95729K [0x0000000700000000, 0x0000000800000000)
  region size 2048K, 3 young (6144K), 3 survivors (6144K)
 Metaspace       used 82959K, committed 109440K, reserved 1179648K
  class space    used 23810K, committed 32704K, reserved 1048576K
}

