# JRE version: OpenJDK Runtime Environment Homebrew (19.0.2) (build 19.0.2)
# Java VM: OpenJDK 64-Bit Server VM Homebrew (19.0.2, mixed mode, emulated-client, sharing, tiered, compressed oops, compressed class ptrs, g1 gc, bsd-amd64)
GC Precious Log:
 CardTable entry size: 512
 Card Set container configuration: InlinePtr #cards 4 size 8 Array Of Cards #cards 16 size 48 Howl #buckets 8 coarsen threshold 3686 Howl Bitmap #cards 512 size 80 coarsen threshold 460 Card regions per heap region 1 cards per card region 4096
 CPUs: 16 total, 16 available
 Memory: 16384M
 Large Page Support: Disabled
 NUMA Support: Disabled
 Compressed Oops: Enabled (Zero based)
 Heap Region Size: 2M
 Heap Min Capacity: 8M
 Heap Initial Capacity: 256M
 Heap Max Capacity: 4G
 Pre-touch: Disabled
 Parallel Workers: 13
 Concurrent Workers: 3
 Concurrent Refinement Workers: 13
 Periodic GC: Disabled
Heap:
 garbage-first heap   total 274432K, used 205028K [0x0000000700000000, 0x0000000800000000)
  region size 2048K, 74 young (151552K), 7 survivors (14336K)
 Metaspace       used 67111K, committed 86592K, reserved 1114112K
  class space    used 18373K, committed 24896K, reserved 1048576K
GC Heap History (20 events):
Event: 7.971 GC heap before
{Heap before GC invocations=27 (full 0):
 garbage-first heap   total 137216K, used 103747K [0x0000000700000000, 0x0000000800000000)
  region size 2048K, 40 young (81920K), 5 survivors (10240K)
 Metaspace       used 47016K, committed 61376K, reserved 1114112K
  class space    used 13486K, committed 18240K, reserved 1048576K
}
Event: 7.977 GC heap after
{Heap after GC invocations=28 (full 0):
 garbage-first heap   total 137216K, used 33979K [0x0000000700000000, 0x0000000800000000)
  region size 2048K, 4 young (8192K), 4 survivors (8192K)
 Metaspace       used 47016K, committed 61376K, reserved 1114112K
  class space    used 13486K, committed 18240K, reserved 1048576K
}
Event: 7.981 GC heap before
{Heap before GC invocations=28 (full 0):
 garbage-first heap   total 137216K, used 36027K [0x0000000700000000, 0x0000000800000000)
  region size 2048K, 5 young (10240K), 4 survivors (8192K)
 Metaspace       used 47038K, committed 61440K, reserved 1114112K
  class space    used 13494K, committed 18304K, reserved 1048576K
}
Event: 7.985 GC heap after
{Heap after GC invocations=29 (full 0):
 garbage-first heap   total 137216K, used 34663K [0x0000000700000000, 0x0000000800000000)
  region size 2048K, 1 young (2048K), 1 survivors (2048K)
 Metaspace       used 47038K, committed 61440K, reserved 1114112K
  class space    used 13494K, committed 18304K, reserved 1048576K
}
Event: 8.250 GC heap before
{Heap before GC invocations=29 (full 0):
 garbage-first heap   total 137216K, used 114535K [0x0000000700000000, 0x0000000800000000)
  region size 2048K, 40 young (81920K), 1 survivors (2048K)
 Metaspace       used 48426K, committed 63488K, reserved 1114112K
  class space    used 13942K, committed 18944K, reserved 1048576K
}
Event: 8.252 GC heap after
{Heap after GC invocations=30 (full 0):
 garbage-first heap   total 274432K, used 35017K [0x0000000700000000, 0x0000000800000000)
  region size 2048K, 1 young (2048K), 1 survivors (2048K)
 Metaspace       used 48426K, committed 63488K, reserved 1114112K
  class space    used 13942K, committed 18944K, reserved 1048576K
}
Event: 8.985 GC heap before
{Heap before GC invocations=30 (full 0):
 garbage-first heap   total 274432K, used 196809K [0x0000000700000000, 0x0000000800000000)
  region size 2048K, 80 young (163840K), 1 survivors (2048K)
 Metaspace       used 51982K, committed 68416K, reserved 1114112K
  class space    used 15078K, committed 20544K, reserved 1048576K
}
Event: 8.988 GC heap after
{Heap after GC invocations=31 (full 0):
 garbage-first heap   total 274432K, used 37541K [0x0000000700000000, 0x0000000800000000)
  region size 2048K, 3 young (6144K), 3 survivors (6144K)
 Metaspace       used 51982K, committed 68416K, reserved 1114112K
  class space    used 15078K, committed 20544K, reserved 1048576K
}
Event: 9.614 GC heap before
{Heap before GC invocations=31 (full 0):
 garbage-first heap   total 274432K, used 195237K [0x0000000700000000, 0x0000000800000000)
  region size 2048K, 80 young (163840K), 3 survivors (6144K)
 Metaspace       used 55239K, committed 72704K, reserved 1114112K
  class space    used 16034K, committed 21824K, reserved 1048576K
}
Event: 9.622 GC heap after
{Heap after GC invocations=32 (full 0):
 garbage-first heap   total 274432K, used 45644K [0x0000000700000000, 0x0000000800000000)
  region size 2048K, 7 young (14336K), 7 survivors (14336K)
 Metaspace       used 55239K, committed 72704K, reserved 1114112K
  class space    used 16034K, committed 21824K, reserved 1048576K
}
Event: 10.123 GC heap before
{Heap before GC invocations=32 (full 0):
 garbage-first heap   total 274432K, used 195148K [0x0000000700000000, 0x0000000800000000)
  region size 2048K, 80 young (163840K), 7 survivors (14336K)
 Metaspace       used 56554K, committed 74432K, reserved 1114112K
  class space    used 16414K, committed 22336K, reserved 1048576K
}
Event: 10.131 GC heap after
{Heap after GC invocations=33 (full 0):
 garbage-first heap   total 274432K, used 47586K [0x0000000700000000, 0x0000000800000000)
  region size 2048K, 5 young (10240K), 5 survivors (10240K)
 Metaspace       used 56554K, committed 74432K, reserved 1114112K
  class space    used 16414K, committed 22336K, reserved 1048576K
}
Event: 10.715 GC heap before
{Heap before GC invocations=33 (full 0):
 garbage-first heap   total 274432K, used 201186K [0x0000000700000000, 0x0000000800000000)
  region size 2048K, 80 young (163840K), 5 survivors (10240K)
 Metaspace       used 60140K, committed 79232K, reserved 1114112K
  class space    used 17376K, committed 23744K, reserved 1048576K
}
Event: 10.720 GC heap after
{Heap after GC invocations=34 (full 0):
 garbage-first heap   total 274432K, used 53465K [0x0000000700000000, 0x0000000800000000)
  region size 2048K, 8 young (16384K), 8 survivors (16384K)
 Metaspace       used 60140K, committed 79232K, reserved 1114112K
  class space    used 17376K, committed 23744K, reserved 1048576K
}
Event: 14.412 GC heap before
{Heap before GC invocations=34 (full 0):
 garbage-first heap   total 274432K, used 231641K [0x0000000700000000, 0x0000000800000000)
  region size 2048K, 80 young (163840K), 8 survivors (16384K)
 Metaspace       used 66719K, committed 86016K, reserved 1114112K
  class space    used 18252K, committed 24704K, reserved 1048576K
}
Event: 14.420 GC heap after
{Heap after GC invocations=35 (full 0):
 garbage-first heap   total 274432K, used 60039K [0x0000000700000000, 0x0000000800000000)
  region size 2048K, 8 young (16384K), 8 survivors (16384K)
 Metaspace       used 66719K, committed 86016K, reserved 1114112K
  class space    used 18252K, committed 24704K, reserved 1048576K
}
Event: 20.608 GC heap before
{Heap before GC invocations=35 (full 0):
 garbage-first heap   total 274432K, used 207495K [0x0000000700000000, 0x0000000800000000)
  region size 2048K, 80 young (163840K), 8 survivors (16384K)
 Metaspace       used 66727K, committed 86080K, reserved 1114112K
  class space    used 18253K, committed 24768K, reserved 1048576K
}
Event: 20.614 GC heap after
{Heap after GC invocations=36 (full 0):
 garbage-first heap   total 274432K, used 63667K [0x0000000700000000, 0x0000000800000000)
  region size 2048K, 6 young (12288K), 6 survivors (12288K)
 Metaspace       used 66727K, committed 86080K, reserved 1114112K
  class space    used 18253K, committed 24768K, reserved 1048576K
}
Event: 23.261 GC heap before
{Heap before GC invocations=36 (full 0):
 garbage-first heap   total 274432K, used 215219K [0x0000000700000000, 0x0000000800000000)
  region size 2048K, 80 young (163840K), 6 survivors (12288K)
 Metaspace       used 66730K, committed 86080K, reserved 1114112K
  class space    used 18254K, committed 24768K, reserved 1048576K
}
Event: 23.265 GC heap after
{Heap after GC invocations=37 (full 0):
 garbage-first heap   total 274432K, used 65764K [0x0000000700000000, 0x0000000800000000)
  region size 2048K, 7 young (14336K), 7 survivors (14336K)
 Metaspace       used 66730K, committed 86080K, reserved 1114112K
  class space    used 18254K, committed 24768K, reserved 1048576K
}

