# JRE version: OpenJDK Runtime Environment Homebrew (19.0.2) (build 19.0.2)
# Java VM: OpenJDK 64-Bit Server VM Homebrew (19.0.2, mixed mode, emulated-client, sharing, tiered, compressed oops, compressed class ptrs, g1 gc, bsd-amd64)
GC Precious Log:
 CardTable entry size: 512
 Card Set container configuration: InlinePtr #cards 4 size 8 Array Of Cards #cards 16 size 48 Howl #buckets 8 coarsen threshold 3686 Howl Bitmap #cards 512 size 80 coarsen threshold 460 Card regions per heap region 1 cards per card region 4096
 CPUs: 16 total, 16 available
 Memory: 16384M
 Large Page Support: Disabled
 NUMA Support: Disabled
 Compressed Oops: Enabled (Zero based)
 Heap Region Size: 2M
 Heap Min Capacity: 8M
 Heap Initial Capacity: 256M
 Heap Max Capacity: 4G
 Pre-touch: Disabled
 Parallel Workers: 13
 Concurrent Workers: 3
 Concurrent Refinement Workers: 13
 Periodic GC: Disabled
Heap:
 garbage-first heap   total 243712K, used 199653K [0x0000000700000000, 0x0000000800000000)
  region size 2048K, 53 young (108544K), 1 survivors (2048K)
 Metaspace       used 82960K, committed 109504K, reserved 1179648K
  class space    used 23792K, committed 32768K, reserved 1048576K
GC Heap History (20 events):
Event: 370.549 GC heap before
{Heap before GC invocations=67 (full 0):
 garbage-first heap   total 243712K, used 209901K [0x0000000700000000, 0x0000000800000000)
  region size 2048K, 57 young (116736K), 1 survivors (2048K)
 Metaspace       used 82950K, committed 109440K, reserved 1179648K
  class space    used 23790K, committed 32704K, reserved 1048576K
}
Event: 370.551 GC heap after
{Heap after GC invocations=68 (full 0):
 garbage-first heap   total 243712K, used 95200K [0x0000000700000000, 0x0000000800000000)
  region size 2048K, 1 young (2048K), 1 survivors (2048K)
 Metaspace       used 82950K, committed 109440K, reserved 1179648K
  class space    used 23790K, committed 32704K, reserved 1048576K
}
Event: 371.310 GC heap before
{Heap before GC invocations=68 (full 0):
 garbage-first heap   total 243712K, used 209888K [0x0000000700000000, 0x0000000800000000)
  region size 2048K, 57 young (116736K), 1 survivors (2048K)
 Metaspace       used 82950K, committed 109440K, reserved 1179648K
  class space    used 23790K, committed 32704K, reserved 1048576K
}
Event: 371.312 GC heap after
{Heap after GC invocations=69 (full 0):
 garbage-first heap   total 243712K, used 95205K [0x0000000700000000, 0x0000000800000000)
  region size 2048K, 1 young (2048K), 1 survivors (2048K)
 Metaspace       used 82950K, committed 109440K, reserved 1179648K
  class space    used 23790K, committed 32704K, reserved 1048576K
}
Event: 372.015 GC heap before
{Heap before GC invocations=69 (full 0):
 garbage-first heap   total 243712K, used 211941K [0x0000000700000000, 0x0000000800000000)
  region size 2048K, 58 young (118784K), 1 survivors (2048K)
 Metaspace       used 82950K, committed 109440K, reserved 1179648K
  class space    used 23790K, committed 32704K, reserved 1048576K
}
Event: 372.017 GC heap after
{Heap after GC invocations=70 (full 0):
 garbage-first heap   total 243712K, used 95206K [0x0000000700000000, 0x0000000800000000)
  region size 2048K, 1 young (2048K), 1 survivors (2048K)
 Metaspace       used 82950K, committed 109440K, reserved 1179648K
  class space    used 23790K, committed 32704K, reserved 1048576K
}
Event: 376.808 GC heap before
{Heap before GC invocations=70 (full 0):
 garbage-first heap   total 243712K, used 211942K [0x0000000700000000, 0x0000000800000000)
  region size 2048K, 58 young (118784K), 1 survivors (2048K)
 Metaspace       used 82950K, committed 109440K, reserved 1179648K
  class space    used 23790K, committed 32704K, reserved 1048576K
}
Event: 376.810 GC heap after
{Heap after GC invocations=71 (full 0):
 garbage-first heap   total 243712K, used 95193K [0x0000000700000000, 0x0000000800000000)
  region size 2048K, 1 young (2048K), 1 survivors (2048K)
 Metaspace       used 82950K, committed 109440K, reserved 1179648K
  class space    used 23790K, committed 32704K, reserved 1048576K
}
Event: 377.352 GC heap before
{Heap before GC invocations=71 (full 0):
 garbage-first heap   total 243712K, used 211929K [0x0000000700000000, 0x0000000800000000)
  region size 2048K, 58 young (118784K), 1 survivors (2048K)
 Metaspace       used 82950K, committed 109440K, reserved 1179648K
  class space    used 23790K, committed 32704K, reserved 1048576K
}
Event: 377.354 GC heap after
{Heap after GC invocations=72 (full 0):
 garbage-first heap   total 243712K, used 95198K [0x0000000700000000, 0x0000000800000000)
  region size 2048K, 1 young (2048K), 1 survivors (2048K)
 Metaspace       used 82950K, committed 109440K, reserved 1179648K
  class space    used 23790K, committed 32704K, reserved 1048576K
}
Event: 378.205 GC heap before
{Heap before GC invocations=72 (full 0):
 garbage-first heap   total 243712K, used 211934K [0x0000000700000000, 0x0000000800000000)
  region size 2048K, 58 young (118784K), 1 survivors (2048K)
 Metaspace       used 82950K, committed 109440K, reserved 1179648K
  class space    used 23790K, committed 32704K, reserved 1048576K
}
Event: 378.207 GC heap after
{Heap after GC invocations=73 (full 0):
 garbage-first heap   total 243712K, used 95202K [0x0000000700000000, 0x0000000800000000)
  region size 2048K, 1 young (2048K), 1 survivors (2048K)
 Metaspace       used 82950K, committed 109440K, reserved 1179648K
  class space    used 23790K, committed 32704K, reserved 1048576K
}
Event: 378.863 GC heap before
{Heap before GC invocations=73 (full 0):
 garbage-first heap   total 243712K, used 211938K [0x0000000700000000, 0x0000000800000000)
  region size 2048K, 58 young (118784K), 1 survivors (2048K)
 Metaspace       used 82950K, committed 109440K, reserved 1179648K
  class space    used 23790K, committed 32704K, reserved 1048576K
}
Event: 378.864 GC heap after
{Heap after GC invocations=74 (full 0):
 garbage-first heap   total 243712K, used 95206K [0x0000000700000000, 0x0000000800000000)
  region size 2048K, 1 young (2048K), 1 survivors (2048K)
 Metaspace       used 82950K, committed 109440K, reserved 1179648K
  class space    used 23790K, committed 32704K, reserved 1048576K
}
Event: 379.519 GC heap before
{Heap before GC invocations=74 (full 0):
 garbage-first heap   total 243712K, used 211942K [0x0000000700000000, 0x0000000800000000)
  region size 2048K, 58 young (118784K), 1 survivors (2048K)
 Metaspace       used 82950K, committed 109440K, reserved 1179648K
  class space    used 23790K, committed 32704K, reserved 1048576K
}
Event: 379.521 GC heap after
{Heap after GC invocations=75 (full 0):
 garbage-first heap   total 243712K, used 95239K [0x0000000700000000, 0x0000000800000000)
  region size 2048K, 1 young (2048K), 1 survivors (2048K)
 Metaspace       used 82950K, committed 109440K, reserved 1179648K
  class space    used 23790K, committed 32704K, reserved 1048576K
}
Event: 380.236 GC heap before
{Heap before GC invocations=75 (full 0):
 garbage-first heap   total 243712K, used 211975K [0x0000000700000000, 0x0000000800000000)
  region size 2048K, 58 young (118784K), 1 survivors (2048K)
 Metaspace       used 82953K, committed 109504K, reserved 1179648K
  class space    used 23791K, committed 32768K, reserved 1048576K
}
Event: 380.238 GC heap after
{Heap after GC invocations=76 (full 0):
 garbage-first heap   total 243712K, used 95640K [0x0000000700000000, 0x0000000800000000)
  region size 2048K, 1 young (2048K), 1 survivors (2048K)
 Metaspace       used 82953K, committed 109504K, reserved 1179648K
  class space    used 23791K, committed 32768K, reserved 1048576K
}
Event: 431.466 GC heap before
{Heap before GC invocations=76 (full 0):
 garbage-first heap   total 243712K, used 212376K [0x0000000700000000, 0x0000000800000000)
  region size 2048K, 58 young (118784K), 1 survivors (2048K)
 Metaspace       used 82953K, committed 109504K, reserved 1179648K
  class space    used 23791K, committed 32768K, reserved 1048576K
}
Event: 431.468 GC heap after
{Heap after GC invocations=77 (full 0):
 garbage-first heap   total 243712K, used 95205K [0x0000000700000000, 0x0000000800000000)
  region size 2048K, 1 young (2048K), 1 survivors (2048K)
 Metaspace       used 82953K, committed 109504K, reserved 1179648K
  class space    used 23791K, committed 32768K, reserved 1048576K
}

